Flutter crash report; please file at https://github.com/flutter/flutter/issues.

## command

flutter run --machine --target lib/main.dart -d 52c29b64e2fe46fb942ed867b91825553b427cd2 --track-widget-creation --start-paused

## exception

SocketException: SocketException: Send failed (OS Error: Can't assign requested address, errno = 49), address = 0.0.0.0, port = 5353

```
#0      _NativeSocket.send (dart:io-patch/socket_patch.dart:819:34)
#1      _RawDatagramSocket.send (dart:io-patch/socket_patch.dart:1957:15)
#2      MDnsClient.lookup (package:multicast_dns/multicast_dns.dart:210:14)
#3      MDnsObservatoryDiscovery.query (package:flutter_tools/src/mdns_discovery.dart:59:12)
<asynchronous suspension>
#4      MDnsObservatoryDiscovery.getObservatoryUri (package:flutter_tools/src/mdns_discovery.dart:145:57)
#5      IOSDevice.startApp (package:flutter_tools/src/ios/devices.dart:390:60)
<asynchronous suspension>
#6      FlutterDevice.runHot (package:flutter_tools/src/resident_runner.dart:450:54)
<asynchronous suspension>
#7      HotRunner.run (package:flutter_tools/src/run_hot.dart:266:39)
#8      AppDomain.startApp.<anonymous closure> (package:flutter_tools/src/commands/daemon.dart:479:23)
#9      AppDomain.launch.<anonymous closure> (package:flutter_tools/src/commands/daemon.dart:541:26)
#10     AppContext.run.<anonymous closure> (package:flutter_tools/src/base/context.dart:146:29)
#11     _rootRun (dart:async/zone.dart:1126:13)
#12     _CustomZone.run (dart:async/zone.dart:1023:19)
#13     _runZoned (dart:async/zone.dart:1518:10)
#14     runZoned (dart:async/zone.dart:1465:12)
#15     AppContext.run (package:flutter_tools/src/base/context.dart:145:18)
#16     AppInstance._runInZone (package:flutter_tools/src/commands/daemon.dart:939:20)
#17     AppDomain.launch (package:flutter_tools/src/commands/daemon.dart:539:15)
#18     AppDomain.startApp (package:flutter_tools/src/commands/daemon.dart:473:12)
<asynchronous suspension>
#19     RunCommand.runCommand (package:flutter_tools/src/commands/run.dart:353:38)
#20     FlutterCommand.verifyThenRunCommand (package:flutter_tools/src/runner/flutter_command.dart:615:18)
#21     _asyncThenWrapperHelper.<anonymous closure> (dart:async-patch/async_patch.dart:73:64)
#22     _rootRunUnary (dart:async/zone.dart:1134:38)
#23     _CustomZone.runUnary (dart:async/zone.dart:1031:19)
#24     _FutureListener.handleValue (dart:async/future_impl.dart:139:18)
#25     Future._propagateToListeners.handleValueCallback (dart:async/future_impl.dart:680:45)
#26     Future._propagateToListeners (dart:async/future_impl.dart:709:32)
#27     Future._completeWithValue (dart:async/future_impl.dart:524:5)
#28     _AsyncAwaitCompleter.complete (dart:async-patch/async_patch.dart:32:15)
#29     _completeOnAsyncReturn (dart:async-patch/async_patch.dart:290:13)
#30     RunCommand.usageValues (package:flutter_tools/src/commands/run.dart)
#31     _asyncThenWrapperHelper.<anonymous closure> (dart:async-patch/async_patch.dart:73:64)
#32     _rootRunUnary (dart:async/zone.dart:1134:38)
#33     _CustomZone.runUnary (dart:async/zone.dart:1031:19)
#34     _FutureListener.handleValue (dart:async/future_impl.dart:139:18)
#35     Future._propagateToListeners.handleValueCallback (dart:async/future_impl.dart:680:45)
#36     Future._propagateToListeners (dart:async/future_impl.dart:709:32)
#37     Future._completeWithValue (dart:async/future_impl.dart:524:5)
#38     _AsyncAwaitCompleter.complete (dart:async-patch/async_patch.dart:32:15)
#39     _completeOnAsyncReturn (dart:async-patch/async_patch.dart:290:13)
#40     IosProject.isSwift (package:flutter_tools/src/project.dart)
#41     _asyncThenWrapperHelper.<anonymous closure> (dart:async-patch/async_patch.dart:73:64)
#42     _rootRunUnary (dart:async/zone.dart:1134:38)
#43     _CustomZone.runUnary (dart:async/zone.dart:1031:19)
#44     _FutureListener.handleValue (dart:async/future_impl.dart:139:18)
#45     Future._propagateToListeners.handleValueCallback (dart:async/future_impl.dart:680:45)
#46     Future._propagateToListeners (dart:async/future_impl.dart:709:32)
#47     Future._completeWithValue (dart:async/future_impl.dart:524:5)
#48     _AsyncAwaitCompleter.complete (dart:async-patch/async_patch.dart:32:15)
#49     _completeOnAsyncReturn (dart:async-patch/async_patch.dart:290:13)
#50     IosProject.buildSettings (package:flutter_tools/src/project.dart)
#51     _asyncThenWrapperHelper.<anonymous closure> (dart:async-patch/async_patch.dart:73:64)
#52     _rootRunUnary (dart:async/zone.dart:1134:38)
#53     _CustomZone.runUnary (dart:async/zone.dart:1031:19)
#54     _FutureListener.handleValue (dart:async/future_impl.dart:139:18)
#55     Future._propagateToListeners.handleValueCallback (dart:async/future_impl.dart:680:45)
#56     Future._propagateToListeners (dart:async/future_impl.dart:709:32)
#57     Future._completeWithValue (dart:async/future_impl.dart:524:5)
#58     _AsyncAwaitCompleter.complete (dart:async-patch/async_patch.dart:32:15)
#59     _completeOnAsyncReturn (dart:async-patch/async_patch.dart:290:13)
#60     XcodeProjectInterpreter.getBuildSettings (package:flutter_tools/src/ios/xcodeproj.dart)
#61     _asyncThenWrapperHelper.<anonymous closure> (dart:async-patch/async_patch.dart:73:64)
#62     _rootRunUnary (dart:async/zone.dart:1134:38)
#63     _CustomZone.runUnary (dart:async/zone.dart:1031:19)
#64     _FutureListener.handleValue (dart:async/future_impl.dart:139:18)
#65     Future._propagateToListeners.handleValueCallback (dart:async/future_impl.dart:680:45)
#66     Future._propagateToListeners (dart:async/future_impl.dart:709:32)
#67     Future._completeWithValue (dart:async/future_impl.dart:524:5)
#68     _AsyncAwaitCompleter.complete (dart:async-patch/async_patch.dart:32:15)
#69     _completeOnAsyncReturn (dart:async-patch/async_patch.dart:290:13)
#70     _DefaultProcessUtils.run (package:flutter_tools/src/base/process.dart)
#71     _asyncThenWrapperHelper.<anonymous closure> (dart:async-patch/async_patch.dart:73:64)
#72     _rootRunUnary (dart:async/zone.dart:1134:38)
#73     _CustomZone.runUnary (dart:async/zone.dart:1031:19)
#74     _FutureListener.handleValue (dart:async/future_impl.dart:139:18)
#75     Future._propagateToListeners.handleValueCallback (dart:async/future_impl.dart:680:45)
#76     Future._propagateToListeners (dart:async/future_impl.dart:709:32)
#77     Future._completeWithValue (dart:async/future_impl.dart:524:5)
#78     Future.wait.<anonymous closure> (dart:async/future.dart:400:22)
#79     _rootRunUnary (dart:async/zone.dart:1134:38)
#80     _CustomZone.runUnary (dart:async/zone.dart:1031:19)
#81     _FutureListener.handleValue (dart:async/future_impl.dart:139:18)
#82     Future._propagateToListeners.handleValueCallback (dart:async/future_impl.dart:680:45)
#83     Future._propagateToListeners (dart:async/future_impl.dart:709:32)
#84     Future._complete (dart:async/future_impl.dart:514:7)
#85     _BufferingStreamSubscription.asFuture.<anonymous closure> (dart:async/stream_impl.dart:206:14)
#86     _rootRun (dart:async/zone.dart:1122:38)
#87     _CustomZone.run (dart:async/zone.dart:1023:19)
#88     _CustomZone.runGuarded (dart:async/zone.dart:925:7)
#89     _BufferingStreamSubscription._sendDone.sendDone (dart:async/stream_impl.dart:391:13)
#90     _BufferingStreamSubscription._sendDone (dart:async/stream_impl.dart:401:15)
#91     _BufferingStreamSubscription._close (dart:async/stream_impl.dart:285:7)
#92     _SinkTransformerStreamSubscription._close (dart:async/stream_transformers.dart:98:11)
#93     _EventSinkWrapper.close (dart:async/stream_transformers.dart:25:11)
#94     _StringAdapterSink.close (dart:convert/string_conversion.dart:251:11)
#95     _Utf8ConversionSink.close (dart:convert/string_conversion.dart:302:20)
#96     _ConverterStreamEventSink.close (dart:convert/chunked_conversion.dart:82:18)
#97     _SinkTransformerStreamSubscription._handleDone (dart:async/stream_transformers.dart:143:24)
#98     _rootRun (dart:async/zone.dart:1122:38)
#99     _CustomZone.run (dart:async/zone.dart:1023:19)
#100    _CustomZone.runGuarded (dart:async/zone.dart:925:7)
#101    _BufferingStreamSubscription._sendDone.sendDone (dart:async/stream_impl.dart:391:13)
#102    _BufferingStreamSubscription._sendDone (dart:async/stream_impl.dart:401:15)
#103    _BufferingStreamSubscription._close (dart:async/stream_impl.dart:285:7)
#104    _SyncStreamControllerDispatch._sendDone (dart:async/stream_controller.dart:774:19)
#105    _StreamController._closeUnchecked (dart:async/stream_controller.dart:631:7)
#106    _StreamController.close (dart:async/stream_controller.dart:624:5)
#107    _Socket._onData (dart:io-patch/socket_patch.dart:1838:21)
#108    _rootRunUnary (dart:async/zone.dart:1138:13)
#109    _CustomZone.runUnary (dart:async/zone.dart:1031:19)
#110    _CustomZone.runUnaryGuarded (dart:async/zone.dart:933:7)
#111    _BufferingStreamSubscription._sendData (dart:async/stream_impl.dart:338:11)
#112    _BufferingStreamSubscription._add (dart:async/stream_impl.dart:265:7)
#113    _SyncStreamControllerDispatch._sendData (dart:async/stream_controller.dart:766:19)
#114    _StreamController._add (dart:async/stream_controller.dart:642:7)
#115    _StreamController.add (dart:async/stream_controller.dart:588:5)
#116    new _RawSocket.<anonymous closure> (dart:io-patch/socket_patch.dart:1386:35)
#117    _NativeSocket.issueReadEvent.issue (dart:io-patch/socket_patch.dart:892:18)
#118    _microtaskLoop (dart:async/schedule_microtask.dart:43:21)
#119    _startMicrotaskLoop (dart:async/schedule_microtask.dart:52:5)
#120    _runPendingImmediateCallback (dart:isolate-patch/isolate_patch.dart:118:13)
#121    _RawReceivePortImpl._handleMessage (dart:isolate-patch/isolate_patch.dart:175:5)
```

## flutter doctor

```
[✓] Flutter (Channel beta, v1.12.13+hotfix.3, on Mac OS X 10.14.6 18G103, locale zh-Hans-CN)
    • Flutter version 1.12.13+hotfix.3 at /Users/mac/Documents/flutter_install/flutter
    • Framework revision 57f2df76d7 (7 days ago), 2019-12-05 21:23:21 -0800
    • Engine revision ac9391978e
    • Dart version 2.7.0

[✓] Android toolchain - develop for Android devices (Android SDK version 29.0.2)
    • Android SDK at /Users/mac/Library/Android/sdk
    • Android NDK location not configured (optional; useful for native profiling support)
    • Platform android-29, build-tools 29.0.2
    • Java binary at: /Applications/Android Studio.app/Contents/jre/jdk/Contents/Home/bin/java
    • Java version OpenJDK Runtime Environment (build 1.8.0_202-release-1483-b49-5587405)
    • All Android licenses accepted.

[✓] Xcode - develop for iOS and macOS (Xcode 11.2)
    • Xcode at /Users/mac/Downloads/Xcode.app/Contents/Developer
    • Xcode 11.2, Build version 11B52
    • CocoaPods version 1.8.0

[✓] Android Studio (version 3.5)
    • Android Studio at /Applications/Android Studio.app/Contents
    • Flutter plugin version 41.0.2
    • Dart plugin version 191.8593
    • Java version OpenJDK Runtime Environment (build 1.8.0_202-release-1483-b49-5587405)

[✓] Connected device (1 available)
    • “mac”的 iPhone • 52c29b64e2fe46fb942ed867b91825553b427cd2 • ios • iOS 12.4.3

• No issues found!
```
